{"/home/misael/Repositories/recycle-it/web/src/components/Button/index.tsx": {"path":"/home/misael/Repositories/recycle-it/web/src/components/Button/index.tsx","statementMap":{"0":{"start":{"line":7,"column":38},"end":{"line":13,"column":1}},"1":{"start":{"line":8,"column":2},"end":{"line":12,"column":4}}},"fnMap":{"0":{"name":"(anonymous_0)","decl":{"start":{"line":7,"column":38},"end":{"line":7,"column":39}},"loc":{"start":{"line":7,"column":65},"end":{"line":13,"column":1}},"line":7}},"branchMap":{},"s":{"0":0,"1":0},"f":{"0":0},"b":{},"hash":"9de1c1c8cef6189709067e6634722bb55bf9d04b"}
,"/home/misael/Repositories/recycle-it/web/src/components/Input/index.tsx": {"path":"/home/misael/Repositories/recycle-it/web/src/components/Input/index.tsx","statementMap":{"0":{"start":{"line":16,"column":36},"end":{"line":43,"column":1}},"1":{"start":{"line":17,"column":19},"end":{"line":17,"column":49}},"2":{"start":{"line":18,"column":36},"end":{"line":18,"column":51}},"3":{"start":{"line":19,"column":34},"end":{"line":19,"column":49}},"4":{"start":{"line":21,"column":27},"end":{"line":23,"column":8}},"5":{"start":{"line":22,"column":4},"end":{"line":22,"column":23}},"6":{"start":{"line":25,"column":26},"end":{"line":29,"column":8}},"7":{"start":{"line":26,"column":4},"end":{"line":26,"column":24}},"8":{"start":{"line":28,"column":4},"end":{"line":28,"column":43}},"9":{"start":{"line":31,"column":2},"end":{"line":42,"column":4}}},"fnMap":{"0":{"name":"(anonymous_0)","decl":{"start":{"line":16,"column":36},"end":{"line":16,"column":37}},"loc":{"start":{"line":16,"column":71},"end":{"line":43,"column":1}},"line":16},"1":{"name":"(anonymous_1)","decl":{"start":{"line":21,"column":39},"end":{"line":21,"column":40}},"loc":{"start":{"line":21,"column":45},"end":{"line":23,"column":3}},"line":21},"2":{"name":"(anonymous_2)","decl":{"start":{"line":25,"column":38},"end":{"line":25,"column":39}},"loc":{"start":{"line":25,"column":44},"end":{"line":29,"column":3}},"line":25}},"branchMap":{"0":{"loc":{"start":{"line":33,"column":7},"end":{"line":33,"column":33}},"type":"binary-expr","locations":[{"start":{"line":33,"column":7},"end":{"line":33,"column":11}},{"start":{"line":33,"column":15},"end":{"line":33,"column":33}}],"line":33}},"s":{"0":0,"1":0,"2":0,"3":0,"4":0,"5":0,"6":0,"7":0,"8":0,"9":0},"f":{"0":0,"1":0,"2":0},"b":{"0":[0,0]},"hash":"01b28051edfcd60da7fe3c28600d4fb0b18b56e3"}
,"/home/misael/Repositories/recycle-it/web/src/components/RegisterOption/index.tsx": {"path":"/home/misael/Repositories/recycle-it/web/src/components/RegisterOption/index.tsx","statementMap":{"0":{"start":{"line":16,"column":54},"end":{"line":58,"column":1}},"1":{"start":{"line":17,"column":36},"end":{"line":17,"column":51}},"2":{"start":{"line":19,"column":28},"end":{"line":21,"column":8}},"3":{"start":{"line":20,"column":4},"end":{"line":20,"column":23}},"4":{"start":{"line":23,"column":27},"end":{"line":25,"column":8}},"5":{"start":{"line":24,"column":4},"end":{"line":24,"column":24}},"6":{"start":{"line":27,"column":2},"end":{"line":57,"column":4}}},"fnMap":{"0":{"name":"(anonymous_0)","decl":{"start":{"line":16,"column":54},"end":{"line":16,"column":55}},"loc":{"start":{"line":16,"column":93},"end":{"line":58,"column":1}},"line":16},"1":{"name":"(anonymous_1)","decl":{"start":{"line":19,"column":40},"end":{"line":19,"column":41}},"loc":{"start":{"line":19,"column":46},"end":{"line":21,"column":3}},"line":19},"2":{"name":"(anonymous_2)","decl":{"start":{"line":23,"column":39},"end":{"line":23,"column":40}},"loc":{"start":{"line":23,"column":45},"end":{"line":25,"column":3}},"line":23}},"branchMap":{"0":{"loc":{"start":{"line":51,"column":17},"end":{"line":51,"column":75}},"type":"cond-expr","locations":[{"start":{"line":51,"column":31},"end":{"line":51,"column":57}},{"start":{"line":51,"column":60},"end":{"line":51,"column":75}}],"line":51}},"s":{"0":0,"1":0,"2":0,"3":0,"4":0,"5":0,"6":0},"f":{"0":0,"1":0,"2":0},"b":{"0":[0,0]},"hash":"e0c0c9bd8e7f5b75d1cbf97a57e92caaaa293cfb"}
,"/home/misael/Repositories/recycle-it/web/src/components/Select/index.tsx": {"path":"/home/misael/Repositories/recycle-it/web/src/components/Select/index.tsx","statementMap":{"0":{"start":{"line":14,"column":38},"end":{"line":25,"column":1}},"1":{"start":{"line":15,"column":2},"end":{"line":24,"column":4}},"2":{"start":{"line":19,"column":8},"end":{"line":21,"column":17}}},"fnMap":{"0":{"name":"(anonymous_0)","decl":{"start":{"line":14,"column":38},"end":{"line":14,"column":39}},"loc":{"start":{"line":14,"column":79},"end":{"line":25,"column":1}},"line":14},"1":{"name":"(anonymous_1)","decl":{"start":{"line":18,"column":19},"end":{"line":18,"column":20}},"loc":{"start":{"line":19,"column":8},"end":{"line":21,"column":17}},"line":19}},"branchMap":{},"s":{"0":1,"1":2,"2":0},"f":{"0":2,"1":0},"b":{},"_coverageSchema":"43e27e138ebf9cfc5966b082cf9a028302ed4184","hash":"c9739a43f0548f1d8828dcb16d36f21b91344c6b"}
,"/home/misael/Repositories/recycle-it/web/src/hooks/auth.tsx": {"path":"/home/misael/Repositories/recycle-it/web/src/hooks/auth.tsx","statementMap":{"0":{"start":{"line":39,"column":20},"end":{"line":39,"column":73}},"1":{"start":{"line":41,"column":31},"end":{"line":97,"column":1}},"2":{"start":{"line":42,"column":26},"end":{"line":53,"column":4}},"3":{"start":{"line":43,"column":18},"end":{"line":43,"column":58}},"4":{"start":{"line":44,"column":17},"end":{"line":44,"column":56}},"5":{"start":{"line":46,"column":4},"end":{"line":50,"column":5}},"6":{"start":{"line":47,"column":6},"end":{"line":47,"column":61}},"7":{"start":{"line":49,"column":6},"end":{"line":49,"column":47}},"8":{"start":{"line":52,"column":4},"end":{"line":52,"column":27}},"9":{"start":{"line":55,"column":17},"end":{"line":69,"column":8}},"10":{"start":{"line":56,"column":21},"end":{"line":59,"column":6}},"11":{"start":{"line":61,"column":28},"end":{"line":61,"column":41}},"12":{"start":{"line":63,"column":4},"end":{"line":63,"column":52}},"13":{"start":{"line":64,"column":4},"end":{"line":64,"column":66}},"14":{"start":{"line":66,"column":4},"end":{"line":66,"column":59}},"15":{"start":{"line":68,"column":4},"end":{"line":68,"column":29}},"16":{"start":{"line":71,"column":18},"end":{"line":76,"column":8}},"17":{"start":{"line":72,"column":4},"end":{"line":72,"column":48}},"18":{"start":{"line":73,"column":4},"end":{"line":73,"column":47}},"19":{"start":{"line":75,"column":4},"end":{"line":75,"column":29}},"20":{"start":{"line":78,"column":21},"end":{"line":88,"column":3}},"21":{"start":{"line":80,"column":6},"end":{"line":80,"column":68}},"22":{"start":{"line":82,"column":6},"end":{"line":85,"column":9}},"23":{"start":{"line":90,"column":2},"end":{"line":96,"column":4}},"24":{"start":{"line":100,"column":18},"end":{"line":100,"column":41}},"25":{"start":{"line":102,"column":2},"end":{"line":104,"column":3}},"26":{"start":{"line":103,"column":4},"end":{"line":103,"column":66}},"27":{"start":{"line":106,"column":2},"end":{"line":106,"column":17}}},"fnMap":{"0":{"name":"(anonymous_0)","decl":{"start":{"line":41,"column":31},"end":{"line":41,"column":32}},"loc":{"start":{"line":41,"column":49},"end":{"line":97,"column":1}},"line":41},"1":{"name":"(anonymous_1)","decl":{"start":{"line":42,"column":46},"end":{"line":42,"column":47}},"loc":{"start":{"line":42,"column":52},"end":{"line":53,"column":3}},"line":42},"2":{"name":"(anonymous_2)","decl":{"start":{"line":55,"column":29},"end":{"line":55,"column":30}},"loc":{"start":{"line":55,"column":60},"end":{"line":69,"column":3}},"line":55},"3":{"name":"(anonymous_3)","decl":{"start":{"line":71,"column":30},"end":{"line":71,"column":31}},"loc":{"start":{"line":71,"column":36},"end":{"line":76,"column":3}},"line":71},"4":{"name":"(anonymous_4)","decl":{"start":{"line":79,"column":4},"end":{"line":79,"column":5}},"loc":{"start":{"line":79,"column":39},"end":{"line":86,"column":5}},"line":79},"5":{"name":"useAuth","decl":{"start":{"line":99,"column":9},"end":{"line":99,"column":16}},"loc":{"start":{"line":99,"column":36},"end":{"line":107,"column":1}},"line":99}},"branchMap":{"0":{"loc":{"start":{"line":46,"column":4},"end":{"line":50,"column":5}},"type":"if","locations":[{"start":{"line":46,"column":4},"end":{"line":50,"column":5}},{"start":{"line":46,"column":4},"end":{"line":50,"column":5}}],"line":46},"1":{"loc":{"start":{"line":46,"column":8},"end":{"line":46,"column":21}},"type":"binary-expr","locations":[{"start":{"line":46,"column":8},"end":{"line":46,"column":13}},{"start":{"line":46,"column":17},"end":{"line":46,"column":21}}],"line":46},"2":{"loc":{"start":{"line":102,"column":2},"end":{"line":104,"column":3}},"type":"if","locations":[{"start":{"line":102,"column":2},"end":{"line":104,"column":3}},{"start":{"line":102,"column":2},"end":{"line":104,"column":3}}],"line":102}},"s":{"0":0,"1":0,"2":0,"3":0,"4":0,"5":0,"6":0,"7":0,"8":0,"9":0,"10":0,"11":0,"12":0,"13":0,"14":0,"15":0,"16":0,"17":0,"18":0,"19":0,"20":0,"21":0,"22":0,"23":0,"24":0,"25":0,"26":0,"27":0},"f":{"0":0,"1":0,"2":0,"3":0,"4":0,"5":0},"b":{"0":[0,0],"1":[0,0],"2":[0,0]},"hash":"076464df366e09e0824e3f58b2df118f4296dab0"}
,"/home/misael/Repositories/recycle-it/web/src/pages/Login/index.tsx": {"path":"/home/misael/Repositories/recycle-it/web/src/pages/Login/index.tsx","statementMap":{"0":{"start":{"line":31,"column":17},"end":{"line":36,"column":13}},"1":{"start":{"line":38,"column":21},"end":{"line":43,"column":13}},"2":{"start":{"line":45,"column":24},"end":{"line":112,"column":1}},"3":{"start":{"line":46,"column":34},"end":{"line":46,"column":62}},"4":{"start":{"line":47,"column":32},"end":{"line":47,"column":47}},"5":{"start":{"line":49,"column":36},"end":{"line":59,"column":16}},"6":{"start":{"line":50,"column":4},"end":{"line":54,"column":5}},"7":{"start":{"line":51,"column":6},"end":{"line":51,"column":32}},"8":{"start":{"line":53,"column":6},"end":{"line":53,"column":28}},"9":{"start":{"line":56,"column":4},"end":{"line":56,"column":21}},"10":{"start":{"line":58,"column":4},"end":{"line":58,"column":45}},"11":{"start":{"line":58,"column":21},"end":{"line":58,"column":38}},"12":{"start":{"line":61,"column":2},"end":{"line":111,"column":4}}},"fnMap":{"0":{"name":"(anonymous_0)","decl":{"start":{"line":45,"column":24},"end":{"line":45,"column":25}},"loc":{"start":{"line":45,"column":30},"end":{"line":112,"column":1}},"line":45},"1":{"name":"(anonymous_1)","decl":{"start":{"line":49,"column":48},"end":{"line":49,"column":49}},"loc":{"start":{"line":49,"column":54},"end":{"line":59,"column":3}},"line":49},"2":{"name":"(anonymous_2)","decl":{"start":{"line":58,"column":15},"end":{"line":58,"column":16}},"loc":{"start":{"line":58,"column":21},"end":{"line":58,"column":38}},"line":58}},"branchMap":{"0":{"loc":{"start":{"line":50,"column":4},"end":{"line":54,"column":5}},"type":"if","locations":[{"start":{"line":50,"column":4},"end":{"line":54,"column":5}},{"start":{"line":50,"column":4},"end":{"line":54,"column":5}}],"line":50},"1":{"loc":{"start":{"line":102,"column":14},"end":{"line":104,"column":35}},"type":"cond-expr","locations":[{"start":{"line":103,"column":18},"end":{"line":103,"column":30}},{"start":{"line":104,"column":18},"end":{"line":104,"column":35}}],"line":102}},"s":{"0":0,"1":0,"2":0,"3":0,"4":0,"5":0,"6":0,"7":0,"8":0,"9":0,"10":0,"11":0,"12":0},"f":{"0":0,"1":0,"2":0},"b":{"0":[0,0],"1":[0,0]},"hash":"a0a56c2baf67b395de9a422b5b929af0513a788a"}
,"/home/misael/Repositories/recycle-it/web/src/pages/PreRegister/index.tsx": {"path":"/home/misael/Repositories/recycle-it/web/src/pages/PreRegister/index.tsx","statementMap":{"0":{"start":{"line":12,"column":30},"end":{"line":50,"column":1}},"1":{"start":{"line":13,"column":2},"end":{"line":49,"column":4}}},"fnMap":{"0":{"name":"(anonymous_0)","decl":{"start":{"line":12,"column":30},"end":{"line":12,"column":31}},"loc":{"start":{"line":12,"column":36},"end":{"line":50,"column":1}},"line":12}},"branchMap":{},"s":{"0":0,"1":0},"f":{"0":0},"b":{},"hash":"9c7e1824a2703f8a9a1129b67984396018128c3f"}
,"/home/misael/Repositories/recycle-it/web/src/pages/RecyclerDashboard/index.tsx": {"path":"/home/misael/Repositories/recycle-it/web/src/pages/RecyclerDashboard/index.tsx","statementMap":{"0":{"start":{"line":5,"column":36},"end":{"line":11,"column":1}},"1":{"start":{"line":6,"column":2},"end":{"line":10,"column":4}}},"fnMap":{"0":{"name":"(anonymous_0)","decl":{"start":{"line":5,"column":36},"end":{"line":5,"column":37}},"loc":{"start":{"line":5,"column":42},"end":{"line":11,"column":1}},"line":5}},"branchMap":{},"s":{"0":0,"1":0},"f":{"0":0},"b":{},"hash":"660386df2744b21a297d975df45df27b19241cad"}
,"/home/misael/Repositories/recycle-it/web/src/pages/RecyclerRegister/index.tsx": {"path":"/home/misael/Repositories/recycle-it/web/src/pages/RecyclerRegister/index.tsx","statementMap":{"0":{"start":{"line":22,"column":35},"end":{"line":110,"column":1}},"1":{"start":{"line":23,"column":30},"end":{"line":23,"column":62}},"2":{"start":{"line":24,"column":30},"end":{"line":24,"column":63}},"3":{"start":{"line":26,"column":38},"end":{"line":26,"column":50}},"4":{"start":{"line":27,"column":42},"end":{"line":27,"column":54}},"5":{"start":{"line":29,"column":2},"end":{"line":35,"column":9}},"6":{"start":{"line":30,"column":4},"end":{"line":34,"column":50}},"7":{"start":{"line":34,"column":24},"end":{"line":34,"column":48}},"8":{"start":{"line":37,"column":2},"end":{"line":43,"column":19}},"9":{"start":{"line":38,"column":4},"end":{"line":42,"column":50}},"10":{"start":{"line":42,"column":24},"end":{"line":42,"column":48}},"11":{"start":{"line":45,"column":28},"end":{"line":53,"column":3}},"12":{"start":{"line":47,"column":17},"end":{"line":47,"column":35}},"13":{"start":{"line":49,"column":6},"end":{"line":49,"column":24}},"14":{"start":{"line":50,"column":6},"end":{"line":50,"column":26}},"15":{"start":{"line":54,"column":27},"end":{"line":61,"column":3}},"16":{"start":{"line":56,"column":19},"end":{"line":56,"column":37}},"17":{"start":{"line":58,"column":6},"end":{"line":58,"column":28}},"18":{"start":{"line":63,"column":29},"end":{"line":65,"column":8}},"19":{"start":{"line":67,"column":2},"end":{"line":109,"column":4}},"20":{"start":{"line":91,"column":14},"end":{"line":91,"column":62}},"21":{"start":{"line":93,"column":31},"end":{"line":93,"column":55}},"22":{"start":{"line":101,"column":14},"end":{"line":101,"column":59}},"23":{"start":{"line":103,"column":31},"end":{"line":103,"column":54}}},"fnMap":{"0":{"name":"(anonymous_0)","decl":{"start":{"line":22,"column":35},"end":{"line":22,"column":36}},"loc":{"start":{"line":22,"column":41},"end":{"line":110,"column":1}},"line":22},"1":{"name":"(anonymous_1)","decl":{"start":{"line":29,"column":12},"end":{"line":29,"column":13}},"loc":{"start":{"line":29,"column":18},"end":{"line":35,"column":3}},"line":29},"2":{"name":"(anonymous_2)","decl":{"start":{"line":34,"column":12},"end":{"line":34,"column":13}},"loc":{"start":{"line":34,"column":24},"end":{"line":34,"column":48}},"line":34},"3":{"name":"(anonymous_3)","decl":{"start":{"line":37,"column":12},"end":{"line":37,"column":13}},"loc":{"start":{"line":37,"column":18},"end":{"line":43,"column":3}},"line":37},"4":{"name":"(anonymous_4)","decl":{"start":{"line":42,"column":12},"end":{"line":42,"column":13}},"loc":{"start":{"line":42,"column":24},"end":{"line":42,"column":48}},"line":42},"5":{"name":"(anonymous_5)","decl":{"start":{"line":46,"column":4},"end":{"line":46,"column":5}},"loc":{"start":{"line":46,"column":47},"end":{"line":51,"column":5}},"line":46},"6":{"name":"(anonymous_6)","decl":{"start":{"line":55,"column":4},"end":{"line":55,"column":5}},"loc":{"start":{"line":55,"column":47},"end":{"line":59,"column":5}},"line":55},"7":{"name":"(anonymous_7)","decl":{"start":{"line":63,"column":41},"end":{"line":63,"column":42}},"loc":{"start":{"line":63,"column":47},"end":{"line":65,"column":3}},"line":63},"8":{"name":"(anonymous_8)","decl":{"start":{"line":90,"column":32},"end":{"line":90,"column":33}},"loc":{"start":{"line":90,"column":41},"end":{"line":92,"column":13}},"line":90},"9":{"name":"(anonymous_9)","decl":{"start":{"line":93,"column":22},"end":{"line":93,"column":23}},"loc":{"start":{"line":93,"column":31},"end":{"line":93,"column":55}},"line":93},"10":{"name":"(anonymous_10)","decl":{"start":{"line":100,"column":32},"end":{"line":100,"column":33}},"loc":{"start":{"line":100,"column":40},"end":{"line":102,"column":13}},"line":100},"11":{"name":"(anonymous_11)","decl":{"start":{"line":103,"column":22},"end":{"line":103,"column":23}},"loc":{"start":{"line":103,"column":31},"end":{"line":103,"column":54}},"line":103}},"branchMap":{},"s":{"0":0,"1":0,"2":0,"3":0,"4":0,"5":0,"6":0,"7":0,"8":0,"9":0,"10":0,"11":0,"12":0,"13":0,"14":0,"15":0,"16":0,"17":0,"18":0,"19":0,"20":0,"21":0,"22":0,"23":0},"f":{"0":0,"1":0,"2":0,"3":0,"4":0,"5":0,"6":0,"7":0,"8":0,"9":0,"10":0,"11":0},"b":{},"hash":"84cc4ba3b99634d9619a92fda7129a24bca9af71"}
,"/home/misael/Repositories/recycle-it/web/src/pages/Register/index.tsx": {"path":"/home/misael/Repositories/recycle-it/web/src/pages/Register/index.tsx","statementMap":{"0":{"start":{"line":30,"column":17},"end":{"line":33,"column":13}},"1":{"start":{"line":35,"column":21},"end":{"line":38,"column":13}},"2":{"start":{"line":40,"column":27},"end":{"line":93,"column":1}},"3":{"start":{"line":41,"column":34},"end":{"line":41,"column":62}},"4":{"start":{"line":43,"column":19},"end":{"line":43,"column":32}},"5":{"start":{"line":45,"column":2},"end":{"line":51,"column":17}},"6":{"start":{"line":46,"column":17},"end":{"line":46,"column":54}},"7":{"start":{"line":48,"column":4},"end":{"line":50,"column":5}},"8":{"start":{"line":49,"column":6},"end":{"line":49,"column":32}},"9":{"start":{"line":53,"column":2},"end":{"line":92,"column":4}}},"fnMap":{"0":{"name":"(anonymous_0)","decl":{"start":{"line":40,"column":27},"end":{"line":40,"column":28}},"loc":{"start":{"line":40,"column":33},"end":{"line":93,"column":1}},"line":40},"1":{"name":"(anonymous_1)","decl":{"start":{"line":45,"column":12},"end":{"line":45,"column":13}},"loc":{"start":{"line":45,"column":18},"end":{"line":51,"column":3}},"line":45}},"branchMap":{"0":{"loc":{"start":{"line":48,"column":4},"end":{"line":50,"column":5}},"type":"if","locations":[{"start":{"line":48,"column":4},"end":{"line":50,"column":5}},{"start":{"line":48,"column":4},"end":{"line":50,"column":5}}],"line":48}},"s":{"0":0,"1":0,"2":0,"3":0,"4":0,"5":0,"6":0,"7":0,"8":0,"9":0},"f":{"0":0,"1":0},"b":{"0":[0,0]},"hash":"7ccf8e0cdba65f1b570d57abae4542987af8e0ad"}
}
